# JRE version: OpenJDK Runtime Environment Temurin-21.0.7+6 (21.0.7+6) (build 21.0.7+6-LTS)
# Java VM: OpenJDK 64-Bit Server VM Temurin-21.0.7+6 (21.0.7+6-LTS, mixed mode, sharing, tiered, compressed oops, compressed class ptrs, parallel gc, windows-amd64)
GC Precious Log:
 CardTable entry size: 512
 CPUs: 4 total, 4 available
 Memory: 12179M
 Large Page Support: Disabled
 NUMA Support: Disabled
 Compressed Oops: Enabled (32-bit)
 Alignments: Space 512K, Generation 512K, Heap 2M
 Heap Min Capacity: 100M
 Heap Initial Capacity: 100M
 Heap Max Capacity: 2G
 Pre-touch: Disabled
 Parallel Workers: 4
Heap:
 PSYoungGen      total 10240K, used 10039K [0x00000000d5580000, 0x00000000d6380000, 0x0000000100000000)
  eden space 8192K, 100% used [0x00000000d5580000,0x00000000d5d80000,0x00000000d5d80000)
  from space 2048K, 90% used [0x00000000d5d80000,0x00000000d5f4dd90,0x00000000d5f80000)
  to   space 3072K, 60% used [0x00000000d6080000,0x00000000d6252c30,0x00000000d6380000)
 ParOldGen       total 86016K, used 86013K [0x0000000080000000, 0x0000000085400000, 0x00000000d5580000)
  object space 86016K, 99% used [0x0000000080000000,0x00000000853ff7f8,0x0000000085400000)
 Metaspace       used 68718K, committed 70144K, reserved 1114112K
  class space    used 7231K, committed 7872K, reserved 1048576K
GC Heap History (20 events):
Event: 36.627 GC heap after
{Heap after GC invocations=54 (full 3):
 PSYoungGen      total 12288K, used 2542K [0x00000000d5580000, 0x00000000d6a00000, 0x0000000100000000)
  eden space 9728K, 0% used [0x00000000d5580000,0x00000000d5580000,0x00000000d5f00000)
  from space 2560K, 99% used [0x00000000d5f00000,0x00000000d617ba70,0x00000000d6180000)
  to   space 5632K, 0% used [0x00000000d6480000,0x00000000d6480000,0x00000000d6a00000)
 ParOldGen       total 70656K, used 70339K [0x0000000080000000, 0x0000000084500000, 0x00000000d5580000)
  object space 70656K, 99% used [0x0000000080000000,0x00000000844b0dc8,0x0000000084500000)
 Metaspace       used 68056K, committed 69504K, reserved 1114112K
  class space    used 7171K, committed 7808K, reserved 1048576K
}
Event: 36.756 GC heap before
{Heap before GC invocations=55 (full 3):
 PSYoungGen      total 12288K, used 12270K [0x00000000d5580000, 0x00000000d6a00000, 0x0000000100000000)
  eden space 9728K, 100% used [0x00000000d5580000,0x00000000d5f00000,0x00000000d5f00000)
  from space 2560K, 99% used [0x00000000d5f00000,0x00000000d617ba70,0x00000000d6180000)
  to   space 5632K, 0% used [0x00000000d6480000,0x00000000d6480000,0x00000000d6a00000)
 ParOldGen       total 70656K, used 70339K [0x0000000080000000, 0x0000000084500000, 0x00000000d5580000)
  object space 70656K, 99% used [0x0000000080000000,0x00000000844b0dc8,0x0000000084500000)
 Metaspace       used 68104K, committed 69568K, reserved 1114112K
  class space    used 7171K, committed 7808K, reserved 1048576K
}
Event: 36.763 GC heap after
{Heap after GC invocations=55 (full 3):
 PSYoungGen      total 11264K, used 1510K [0x00000000d5580000, 0x00000000d6600000, 0x0000000100000000)
  eden space 9728K, 0% used [0x00000000d5580000,0x00000000d5580000,0x00000000d5f00000)
  from space 1536K, 98% used [0x00000000d6480000,0x00000000d65f99c0,0x00000000d6600000)
  to   space 3072K, 0% used [0x00000000d6000000,0x00000000d6000000,0x00000000d6300000)
 ParOldGen       total 73216K, used 72763K [0x0000000080000000, 0x0000000084780000, 0x00000000d5580000)
  object space 73216K, 99% used [0x0000000080000000,0x000000008470ec80,0x0000000084780000)
 Metaspace       used 68104K, committed 69568K, reserved 1114112K
  class space    used 7171K, committed 7808K, reserved 1048576K
}
Event: 36.864 GC heap before
{Heap before GC invocations=56 (full 3):
 PSYoungGen      total 11264K, used 11238K [0x00000000d5580000, 0x00000000d6600000, 0x0000000100000000)
  eden space 9728K, 100% used [0x00000000d5580000,0x00000000d5f00000,0x00000000d5f00000)
  from space 1536K, 98% used [0x00000000d6480000,0x00000000d65f99c0,0x00000000d6600000)
  to   space 3072K, 0% used [0x00000000d6000000,0x00000000d6000000,0x00000000d6300000)
 ParOldGen       total 73216K, used 72763K [0x0000000080000000, 0x0000000084780000, 0x00000000d5580000)
  object space 73216K, 99% used [0x0000000080000000,0x000000008470ec80,0x0000000084780000)
 Metaspace       used 68149K, committed 69632K, reserved 1114112K
  class space    used 7176K, committed 7808K, reserved 1048576K
}
Event: 36.870 GC heap after
{Heap after GC invocations=56 (full 3):
 PSYoungGen      total 11776K, used 2015K [0x00000000d5580000, 0x00000000d6500000, 0x0000000100000000)
  eden space 9728K, 0% used [0x00000000d5580000,0x00000000d5580000,0x00000000d5f00000)
  from space 2048K, 98% used [0x00000000d6000000,0x00000000d61f7ca0,0x00000000d6200000)
  to   space 2560K, 0% used [0x00000000d6280000,0x00000000d6280000,0x00000000d6500000)
 ParOldGen       total 74240K, used 73852K [0x0000000080000000, 0x0000000084880000, 0x00000000d5580000)
  object space 74240K, 99% used [0x0000000080000000,0x000000008481f020,0x0000000084880000)
 Metaspace       used 68149K, committed 69632K, reserved 1114112K
  class space    used 7176K, committed 7808K, reserved 1048576K
}
Event: 37.004 GC heap before
{Heap before GC invocations=57 (full 3):
 PSYoungGen      total 11776K, used 11743K [0x00000000d5580000, 0x00000000d6500000, 0x0000000100000000)
  eden space 9728K, 100% used [0x00000000d5580000,0x00000000d5f00000,0x00000000d5f00000)
  from space 2048K, 98% used [0x00000000d6000000,0x00000000d61f7ca0,0x00000000d6200000)
  to   space 2560K, 0% used [0x00000000d6280000,0x00000000d6280000,0x00000000d6500000)
 ParOldGen       total 74240K, used 73852K [0x0000000080000000, 0x0000000084880000, 0x00000000d5580000)
  object space 74240K, 99% used [0x0000000080000000,0x000000008481f020,0x0000000084880000)
 Metaspace       used 68309K, committed 69824K, reserved 1114112K
  class space    used 7201K, committed 7872K, reserved 1048576K
}
Event: 37.009 GC heap after
{Heap after GC invocations=57 (full 3):
 PSYoungGen      total 11776K, used 1979K [0x00000000d5580000, 0x00000000d6480000, 0x0000000100000000)
  eden space 9728K, 0% used [0x00000000d5580000,0x00000000d5580000,0x00000000d5f00000)
  from space 2048K, 96% used [0x00000000d6280000,0x00000000d646ee98,0x00000000d6480000)
  to   space 2048K, 0% used [0x00000000d6000000,0x00000000d6000000,0x00000000d6200000)
 ParOldGen       total 75776K, used 75676K [0x0000000080000000, 0x0000000084a00000, 0x00000000d5580000)
  object space 75776K, 99% used [0x0000000080000000,0x00000000849e71c8,0x0000000084a00000)
 Metaspace       used 68309K, committed 69824K, reserved 1114112K
  class space    used 7201K, committed 7872K, reserved 1048576K
}
Event: 37.077 GC heap before
{Heap before GC invocations=58 (full 3):
 PSYoungGen      total 11776K, used 11707K [0x00000000d5580000, 0x00000000d6480000, 0x0000000100000000)
  eden space 9728K, 100% used [0x00000000d5580000,0x00000000d5f00000,0x00000000d5f00000)
  from space 2048K, 96% used [0x00000000d6280000,0x00000000d646ee98,0x00000000d6480000)
  to   space 2048K, 0% used [0x00000000d6000000,0x00000000d6000000,0x00000000d6200000)
 ParOldGen       total 75776K, used 75676K [0x0000000080000000, 0x0000000084a00000, 0x00000000d5580000)
  object space 75776K, 99% used [0x0000000080000000,0x00000000849e71c8,0x0000000084a00000)
 Metaspace       used 68506K, committed 70016K, reserved 1114112K
  class space    used 7212K, committed 7872K, reserved 1048576K
}
Event: 37.081 GC heap after
{Heap after GC invocations=58 (full 3):
 PSYoungGen      total 11776K, used 2028K [0x00000000d5580000, 0x00000000d6800000, 0x0000000100000000)
  eden space 9728K, 0% used [0x00000000d5580000,0x00000000d5580000,0x00000000d5f00000)
  from space 2048K, 99% used [0x00000000d6000000,0x00000000d61fb130,0x00000000d6200000)
  to   space 4608K, 0% used [0x00000000d6380000,0x00000000d6380000,0x00000000d6800000)
 ParOldGen       total 77824K, used 77535K [0x0000000080000000, 0x0000000084c00000, 0x00000000d5580000)
  object space 77824K, 99% used [0x0000000080000000,0x0000000084bb7ed8,0x0000000084c00000)
 Metaspace       used 68506K, committed 70016K, reserved 1114112K
  class space    used 7212K, committed 7872K, reserved 1048576K
}
Event: 37.464 GC heap before
{Heap before GC invocations=59 (full 3):
 PSYoungGen      total 11776K, used 11756K [0x00000000d5580000, 0x00000000d6800000, 0x0000000100000000)
  eden space 9728K, 100% used [0x00000000d5580000,0x00000000d5f00000,0x00000000d5f00000)
  from space 2048K, 99% used [0x00000000d6000000,0x00000000d61fb130,0x00000000d6200000)
  to   space 4608K, 0% used [0x00000000d6380000,0x00000000d6380000,0x00000000d6800000)
 ParOldGen       total 77824K, used 77535K [0x0000000080000000, 0x0000000084c00000, 0x00000000d5580000)
  object space 77824K, 99% used [0x0000000080000000,0x0000000084bb7ed8,0x0000000084c00000)
 Metaspace       used 68686K, committed 70144K, reserved 1114112K
  class space    used 7231K, committed 7872K, reserved 1048576K
}
Event: 37.474 GC heap after
{Heap after GC invocations=59 (full 3):
 PSYoungGen      total 11776K, used 2045K [0x00000000d5580000, 0x00000000d6580000, 0x0000000100000000)
  eden space 9728K, 0% used [0x00000000d5580000,0x00000000d5580000,0x00000000d5f00000)
  from space 2048K, 99% used [0x00000000d6380000,0x00000000d657f7f8,0x00000000d6580000)
  to   space 3072K, 0% used [0x00000000d5f80000,0x00000000d5f80000,0x00000000d6280000)
 ParOldGen       total 79872K, used 79433K [0x0000000080000000, 0x0000000084e00000, 0x00000000d5580000)
  object space 79872K, 99% used [0x0000000080000000,0x0000000084d926b0,0x0000000084e00000)
 Metaspace       used 68686K, committed 70144K, reserved 1114112K
  class space    used 7231K, committed 7872K, reserved 1048576K
}
Event: 37.610 GC heap before
{Heap before GC invocations=60 (full 3):
 PSYoungGen      total 11776K, used 11773K [0x00000000d5580000, 0x00000000d6580000, 0x0000000100000000)
  eden space 9728K, 100% used [0x00000000d5580000,0x00000000d5f00000,0x00000000d5f00000)
  from space 2048K, 99% used [0x00000000d6380000,0x00000000d657f7f8,0x00000000d6580000)
  to   space 3072K, 0% used [0x00000000d5f80000,0x00000000d5f80000,0x00000000d6280000)
 ParOldGen       total 79872K, used 79433K [0x0000000080000000, 0x0000000084e00000, 0x00000000d5580000)
  object space 79872K, 99% used [0x0000000080000000,0x0000000084d926b0,0x0000000084e00000)
 Metaspace       used 68690K, committed 70144K, reserved 1114112K
  class space    used 7231K, committed 7872K, reserved 1048576K
}
Event: 37.612 GC heap after
{Heap after GC invocations=60 (full 3):
 PSYoungGen      total 12288K, used 2214K [0x00000000d5580000, 0x00000000d6400000, 0x0000000100000000)
  eden space 9728K, 0% used [0x00000000d5580000,0x00000000d5580000,0x00000000d5f00000)
  from space 2560K, 86% used [0x00000000d5f80000,0x00000000d61a98b8,0x00000000d6200000)
  to   space 2048K, 0% used [0x00000000d6200000,0x00000000d6200000,0x00000000d6400000)
 ParOldGen       total 81408K, used 81343K [0x0000000080000000, 0x0000000084f80000, 0x00000000d5580000)
  object space 81408K, 99% used [0x0000000080000000,0x0000000084f6fc40,0x0000000084f80000)
 Metaspace       used 68690K, committed 70144K, reserved 1114112K
  class space    used 7231K, committed 7872K, reserved 1048576K
}
Event: 37.808 GC heap before
{Heap before GC invocations=61 (full 3):
 PSYoungGen      total 12288K, used 11942K [0x00000000d5580000, 0x00000000d6400000, 0x0000000100000000)
  eden space 9728K, 100% used [0x00000000d5580000,0x00000000d5f00000,0x00000000d5f00000)
  from space 2560K, 86% used [0x00000000d5f80000,0x00000000d61a98b8,0x00000000d6200000)
  to   space 2048K, 0% used [0x00000000d6200000,0x00000000d6200000,0x00000000d6400000)
 ParOldGen       total 81408K, used 81343K [0x0000000080000000, 0x0000000084f80000, 0x00000000d5580000)
  object space 81408K, 99% used [0x0000000080000000,0x0000000084f6fc40,0x0000000084f80000)
 Metaspace       used 68715K, committed 70144K, reserved 1114112K
  class space    used 7231K, committed 7872K, reserved 1048576K
}
Event: 37.811 GC heap after
{Heap after GC invocations=61 (full 3):
 PSYoungGen      total 10240K, used 2021K [0x00000000d5580000, 0x00000000d6800000, 0x0000000100000000)
  eden space 8192K, 0% used [0x00000000d5580000,0x00000000d5580000,0x00000000d5d80000)
  from space 2048K, 98% used [0x00000000d6200000,0x00000000d63f9738,0x00000000d6400000)
  to   space 4608K, 0% used [0x00000000d5d80000,0x00000000d5d80000,0x00000000d6200000)
 ParOldGen       total 83968K, used 83486K [0x0000000080000000, 0x0000000085200000, 0x00000000d5580000)
  object space 83968K, 99% used [0x0000000080000000,0x0000000085187968,0x0000000085200000)
 Metaspace       used 68715K, committed 70144K, reserved 1114112K
  class space    used 7231K, committed 7872K, reserved 1048576K
}
Event: 37.878 GC heap before
{Heap before GC invocations=62 (full 3):
 PSYoungGen      total 10240K, used 10213K [0x00000000d5580000, 0x00000000d6800000, 0x0000000100000000)
  eden space 8192K, 100% used [0x00000000d5580000,0x00000000d5d80000,0x00000000d5d80000)
  from space 2048K, 98% used [0x00000000d6200000,0x00000000d63f9738,0x00000000d6400000)
  to   space 4608K, 0% used [0x00000000d5d80000,0x00000000d5d80000,0x00000000d6200000)
 ParOldGen       total 83968K, used 83486K [0x0000000080000000, 0x0000000085200000, 0x00000000d5580000)
  object space 83968K, 99% used [0x0000000080000000,0x0000000085187968,0x0000000085200000)
 Metaspace       used 68715K, committed 70144K, reserved 1114112K
  class space    used 7231K, committed 7872K, reserved 1048576K
}
Event: 37.883 GC heap after
{Heap after GC invocations=62 (full 3):
 PSYoungGen      total 10240K, used 1847K [0x00000000d5580000, 0x00000000d6380000, 0x0000000100000000)
  eden space 8192K, 0% used [0x00000000d5580000,0x00000000d5580000,0x00000000d5d80000)
  from space 2048K, 90% used [0x00000000d5d80000,0x00000000d5f4dd90,0x00000000d5f80000)
  to   space 3072K, 0% used [0x00000000d6080000,0x00000000d6080000,0x00000000d6380000)
 ParOldGen       total 85504K, used 85484K [0x0000000080000000, 0x0000000085380000, 0x00000000d5580000)
  object space 85504K, 99% used [0x0000000080000000,0x000000008537b090,0x0000000085380000)
 Metaspace       used 68715K, committed 70144K, reserved 1114112K
  class space    used 7231K, committed 7872K, reserved 1048576K
}
Event: 38.019 GC heap before
{Heap before GC invocations=63 (full 3):
 PSYoungGen      total 10240K, used 10039K [0x00000000d5580000, 0x00000000d6380000, 0x0000000100000000)
  eden space 8192K, 100% used [0x00000000d5580000,0x00000000d5d80000,0x00000000d5d80000)
  from space 2048K, 90% used [0x00000000d5d80000,0x00000000d5f4dd90,0x00000000d5f80000)
  to   space 3072K, 0% used [0x00000000d6080000,0x00000000d6080000,0x00000000d6380000)
 ParOldGen       total 85504K, used 85484K [0x0000000080000000, 0x0000000085380000, 0x00000000d5580000)
  object space 85504K, 99% used [0x0000000080000000,0x000000008537b090,0x0000000085380000)
 Metaspace       used 68718K, committed 70144K, reserved 1114112K
  class space    used 7231K, committed 7872K, reserved 1048576K
}
Event: 38.023 GC heap after
{Heap after GC invocations=63 (full 3):
 PSYoungGen      total 10240K, used 10039K [0x00000000d5580000, 0x00000000d6380000, 0x0000000100000000)
  eden space 8192K, 100% used [0x00000000d5580000,0x00000000d5d80000,0x00000000d5d80000)
  from space 2048K, 90% used [0x00000000d5d80000,0x00000000d5f4dd90,0x00000000d5f80000)
  to   space 3072K, 60% used [0x00000000d6080000,0x00000000d6252c30,0x00000000d6380000)
 ParOldGen       total 86016K, used 86013K [0x0000000080000000, 0x0000000085400000, 0x00000000d5580000)
  object space 86016K, 99% used [0x0000000080000000,0x00000000853ff7f8,0x0000000085400000)
 Metaspace       used 68718K, committed 70144K, reserved 1114112K
  class space    used 7231K, committed 7872K, reserved 1048576K
}
Event: 38.023 GC heap before
{Heap before GC invocations=64 (full 4):
 PSYoungGen      total 10240K, used 10039K [0x00000000d5580000, 0x00000000d6380000, 0x0000000100000000)
  eden space 8192K, 100% used [0x00000000d5580000,0x00000000d5d80000,0x00000000d5d80000)
  from space 2048K, 90% used [0x00000000d5d80000,0x00000000d5f4dd90,0x00000000d5f80000)
  to   space 3072K, 60% used [0x00000000d6080000,0x00000000d6252c30,0x00000000d6380000)
 ParOldGen       total 86016K, used 86013K [0x0000000080000000, 0x0000000085400000, 0x00000000d5580000)
  object space 86016K, 99% used [0x0000000080000000,0x00000000853ff7f8,0x0000000085400000)
 Metaspace       used 68718K, committed 70144K, reserved 1114112K
  class space    used 7231K, committed 7872K, reserved 1048576K
}

